[    0.000000] Linux version 5.4.0-162-generic (buildd@lcy02-amd64-069) (gcc version 9.4.0 (Ubuntu 9.4.0-1ubuntu1~20.04.1)) #179-Ubuntu SMP Mon Aug 14 08:51:31 UTC 2023 (Ubuntu 5.4.0-162.179-generic 5.4.246)
[    0.000000] Command line: BOOT_IMAGE=/boot/vmlinuz-5.4.0-162-generic root=UUID=6cb1fea9-75b7-4cc0-be94-1845942e66f5 ro console=tty1 console=ttyS0
[    0.000000] KERNEL supported cpus:
[    0.000000]   Intel GenuineIntel
[    0.000000]   AMD AuthenticAMD
[    0.000000]   Hygon HygonGenuine
[    0.000000]   Centaur CentaurHauls
[    0.000000]   zhaoxin   Shanghai  
[    0.000000] BIOS-provided physical RAM map:
[    0.000000] BIOS-e820: [mem 0x0000000000000000-0x000000000009fbff] usable
[    0.000000] BIOS-e820: [mem 0x000000000009fc00-0x000000000009ffff] reserved
[    0.000000] BIOS-e820: [mem 0x00000000000f0000-0x00000000000fffff] reserved
[    0.000000] BIOS-e820: [mem 0x0000000000100000-0x000000009c3effff] usable
[    0.000000] BIOS-e820: [mem 0x000000009c3f0000-0x000000009c3fffff] ACPI data
[    0.000000] BIOS-e820: [mem 0x00000000fec00000-0x00000000fec00fff] reserved
[    0.000000] BIOS-e820: [mem 0x00000000fee00000-0x00000000fee00fff] reserved
[    0.000000] BIOS-e820: [mem 0x00000000fffc0000-0x00000000ffffffff] reserved
[    0.000000] NX (Execute Disable) protection: active
[    0.000000] SMBIOS 2.5 present.
[    0.000000] DMI: innotek GmbH VirtualBox/VirtualBox, BIOS VirtualBox 12/01/2006
[    0.000000] Hypervisor detected: KVM
[    0.000000] kvm-clock: Using msrs 4b564d01 and 4b564d00
[    0.000000] kvm-clock: cpu 0, msr 48401001, primary cpu clock
[    0.000001] kvm-clock: using sched offset of 5838214916 cycles
[    0.000003] clocksource: kvm-clock: mask: 0xffffffffffffffff max_cycles: 0x1cd42e4dffb, max_idle_ns: 881590591483 ns
[    0.000005] tsc: Detected 3599.994 MHz processor
[    0.006184] last_pfn = 0x9c3f0 max_arch_pfn = 0x400000000
[    0.006247] Disabled
[    0.006248] x86/PAT: MTRRs disabled, skipping PAT initialization too.
[    0.006252] CPU MTRRs all blank - virtualized system.
[    0.006254] x86/PAT: Configuration [0-7]: WB  WT  UC- UC  WB  WT  UC- UC  
[    0.006306] found SMP MP-table at [mem 0x0009fff0-0x0009ffff]
[    0.035702] check: Scanning 1 areas for low memory corruption
[    0.035842] RAMDISK: [mem 0x2d9cd000-0x32cddfff]
[    0.035848] ACPI: Early table checksum verification disabled
[    0.035852] ACPI: RSDP 0x00000000000E0000 000024 (v02 VBOX  )
[    0.035856] ACPI: XSDT 0x000000009C3F0030 00003C (v01 VBOX   VBOXXSDT 00000001 ASL  00000061)
[    0.035860] ACPI: FACP 0x000000009C3F00F0 0000F4 (v04 VBOX   VBOXFACP 00000001 ASL  00000061)
[    0.035865] ACPI: DSDT 0x000000009C3F0610 002353 (v02 VBOX   VBOXBIOS 00000002 INTL 20100528)
[    0.035868] ACPI: FACS 0x000000009C3F0200 000040
[    0.035870] ACPI: FACS 0x000000009C3F0200 000040
[    0.035873] ACPI: APIC 0x000000009C3F0240 00005C (v02 VBOX   VBOXAPIC 00000001 ASL  00000061)
[    0.035875] ACPI: SSDT 0x000000009C3F02A0 00036C (v01 VBOX   VBOXCPUT 00000002 INTL 20100528)
[    0.035878] ACPI: Reserving FACP table memory at [mem 0x9c3f00f0-0x9c3f01e3]
[    0.035878] ACPI: Reserving DSDT table memory at [mem 0x9c3f0610-0x9c3f2962]
[    0.035879] ACPI: Reserving FACS table memory at [mem 0x9c3f0200-0x9c3f023f]
[    0.035880] ACPI: Reserving FACS table memory at [mem 0x9c3f0200-0x9c3f023f]
[    0.035880] ACPI: Reserving APIC table memory at [mem 0x9c3f0240-0x9c3f029b]
[    0.035881] ACPI: Reserving SSDT table memory at [mem 0x9c3f02a0-0x9c3f060b]
[    0.037530] No NUMA configuration found
[    0.037533] Faking a node at [mem 0x0000000000000000-0x000000009c3effff]
[    0.037540] NODE_DATA(0) allocated [mem 0x9c3c5000-0x9c3effff]
[    0.037721] Zone ranges:
[    0.037722]   DMA      [mem 0x0000000000001000-0x0000000000ffffff]
[    0.037724]   DMA32    [mem 0x0000000001000000-0x000000009c3effff]
[    0.037724]   Normal   empty
[    0.037725]   Device   empty
[    0.037726] Movable zone start for each node
[    0.037728] Early memory node ranges
[    0.037729]   node   0: [mem 0x0000000000001000-0x000000000009efff]
[    0.037729]   node   0: [mem 0x0000000000100000-0x000000009c3effff]
[    0.042113] Zeroed struct page in unavailable ranges: 15474 pages
[    0.042116] Initmem setup node 0 [mem 0x0000000000001000-0x000000009c3effff]
[    0.087208] ACPI: PM-Timer IO Port: 0x4008
[    0.087564] IOAPIC[0]: apic_id 2, version 32, address 0xfec00000, GSI 0-23
[    0.087569] ACPI: INT_SRC_OVR (bus 0 bus_irq 0 global_irq 2 dfl dfl)
[    0.087571] ACPI: INT_SRC_OVR (bus 0 bus_irq 9 global_irq 9 low level)
[    0.087575] Using ACPI (MADT) for SMP configuration information
[    0.087612] smpboot: Allowing 2 CPUs, 0 hotplug CPUs
[    0.087735] PM: Registered nosave memory: [mem 0x00000000-0x00000fff]
[    0.087737] PM: Registered nosave memory: [mem 0x0009f000-0x0009ffff]
[    0.087737] PM: Registered nosave memory: [mem 0x000a0000-0x000effff]
[    0.087738] PM: Registered nosave memory: [mem 0x000f0000-0x000fffff]
[    0.087740] [mem 0x9c400000-0xfebfffff] available for PCI devices
[    0.087740] Booting paravirtualized kernel on KVM
[    0.087743] clocksource: refined-jiffies: mask: 0xffffffff max_cycles: 0xffffffff, max_idle_ns: 7645519600211568 ns
[    0.087746] setup_percpu: NR_CPUS:8192 nr_cpumask_bits:2 nr_cpu_ids:2 nr_node_ids:1
[    0.097088] percpu: Embedded 60 pages/cpu s208896 r8192 d28672 u1048576
[    0.097201] PV qspinlock hash table entries: 256 (order: 0, 4096 bytes, linear)
[    0.097224] Built 1 zonelists, mobility grouping on.  Total pages: 629865
[    0.097225] Policy zone: DMA32
[    0.097227] Kernel command line: BOOT_IMAGE=/boot/vmlinuz-5.4.0-162-generic root=UUID=6cb1fea9-75b7-4cc0-be94-1845942e66f5 ro console=tty1 console=ttyS0
[    0.116141] Dentry cache hash table entries: 524288 (order: 10, 4194304 bytes, linear)
[    0.126037] Inode-cache hash table entries: 262144 (order: 9, 2097152 bytes, linear)
[    0.126084] mem auto-init: stack:off, heap alloc:on, heap free:off
[    0.131616] Memory: 2377384K/2559544K available (14339K kernel code, 2394K rwdata, 9280K rodata, 2764K init, 17232K bss, 182160K reserved, 0K cma-reserved)
[    0.132733] SLUB: HWalign=64, Order=0-3, MinObjects=0, CPUs=2, Nodes=1
[    0.132835] Kernel/User page tables isolation: enabled
[    0.133130] ftrace: allocating 44701 entries in 175 pages
[    0.150174] rcu: Hierarchical RCU implementation.
[    0.150176] rcu: 	RCU restricting CPUs from NR_CPUS=8192 to nr_cpu_ids=2.
[    0.150177] 	Tasks RCU enabled.
[    0.150178] rcu: RCU calculated value of scheduler-enlistment delay is 25 jiffies.
[    0.150179] rcu: Adjusting geometry for rcu_fanout_leaf=16, nr_cpu_ids=2
[    0.154109] NR_IRQS: 524544, nr_irqs: 440, preallocated irqs: 16
[    0.154745] random: crng init done
[    0.208865] Console: colour VGA+ 80x25
[    0.475489] printk: console [tty1] enabled
[    0.757733] printk: console [ttyS0] enabled
[    0.761637] ACPI: Core revision 20190816
[    0.765477] APIC: Switch to symmetric I/O mode setup
[    0.788869] ..TIMER: vector=0x30 apic1=0 pin1=2 apic2=-1 pin2=-1
[    0.794836] clocksource: tsc-early: mask: 0xffffffffffffffff max_cycles: 0x33e44d1104f, max_idle_ns: 440795213615 ns
[    0.804219] Calibrating delay loop (skipped) preset value.. 7199.98 BogoMIPS (lpj=14399976)
[    0.809646] Last level iTLB entries: 4KB 128, 2MB 8, 4MB 8
[    0.812221] Last level dTLB entries: 4KB 64, 2MB 0, 4MB 0, 1GB 4
[    0.816226] Spectre V1 : Mitigation: usercopy/swapgs barriers and __user pointer sanitization
[    0.820222] Spectre V2 : Mitigation: Retpolines
[    0.824221] Spectre V2 : Spectre v2 / SpectreRSB mitigation: Filling RSB on context switch
[    0.828221] Spectre V2 : Spectre v2 / SpectreRSB : Filling RSB on VMEXIT
[    0.832220] RETBleed: WARNING: Spectre v2 mitigation leaves CPU vulnerable to RETBleed attacks, data leaks possible!
[    0.836221] RETBleed: Vulnerable
[    0.840220] Speculative Store Bypass: Vulnerable
[    0.844228] MDS: Mitigation: Clear CPU buffers
[    0.848220] MMIO Stale Data: Mitigation: Clear CPU buffers
[    0.852222] SRBDS: Unknown: Dependent on hypervisor status
[    0.856224] x86/fpu: x87 FPU will use FXSAVE
[    0.860419] Freeing SMP alternatives memory: 40K
[    0.865655] pid_max: default: 32768 minimum: 301
[    0.868309] LSM: Security Framework initializing
[    0.872267] Yama: becoming mindful.
[    0.876401] AppArmor: AppArmor initialized
[    0.880613] Mount-cache hash table entries: 8192 (order: 4, 65536 bytes, linear)
[    0.884506] Mountpoint-cache hash table entries: 8192 (order: 4, 65536 bytes, linear)
[    0.888366] *** VALIDATE tmpfs ***
[    0.892755] *** VALIDATE proc ***
[    0.896336] *** VALIDATE cgroup1 ***
[    0.899737] *** VALIDATE cgroup2 ***
[    1.017159] APIC calibration not consistent with PM-Timer: 103ms instead of 100ms
[    1.020216] APIC delta adjusted to PM-Timer: 6302409 (6542847)
[    1.020635] smpboot: CPU0: Intel(R) Core(TM) i3-9100F CPU @ 3.60GHz (family: 0x6, model: 0x9e, stepping: 0xb)
[    1.028574] Performance Events: unsupported p6 CPU model 158 no PMU driver, software events only.
[    1.032364] rcu: Hierarchical SRCU implementation.
[    1.037180] NMI watchdog: Perf NMI watchdog permanently disabled
[    1.040627] smp: Bringing up secondary CPUs ...
[    1.045392] x86: Booting SMP configuration:
[    1.048224] .... node  #0, CPUs:      #1
[    0.637493] kvm-clock: cpu 1, msr 48401041, secondary cpu clock
[    1.058521] TSC synchronization [CPU#0 -> CPU#1]:
[    1.060216] Measured 64134 cycles TSC warp between CPUs, turning off TSC clock.
[    1.060216] tsc: Marking TSC unstable due to check_tsc_sync_source failed
[    1.064705] smp: Brought up 1 node, 2 CPUs
[    1.068290] smpboot: Max logical packages: 1
[    1.072222] smpboot: Total of 2 processors activated (14399.97 BogoMIPS)
[    1.080220] devtmpfs: initialized
[    1.083229] x86/mm: Memory block size: 128MB
[    1.085847] clocksource: jiffies: mask: 0xffffffff max_cycles: 0xffffffff, max_idle_ns: 7645041785100000 ns
[    1.088393] futex hash table entries: 512 (order: 3, 32768 bytes, linear)
[    1.092294] pinctrl core: initialized pinctrl subsystem
[    1.100452] PM: RTC time: 21:42:07, date: 2023-09-17
[    1.105840] NET: Registered protocol family 16
[    1.108406] audit: initializing netlink subsys (disabled)
[    1.112453] audit: type=2000 audit(1694986933.650:1): state=initialized audit_enabled=0 res=1
[    1.112648] EISA bus registered
[    1.120233] cpuidle: using governor ladder
[    1.124234] cpuidle: using governor menu
[    1.128296] ACPI: bus type PCI registered
[    1.132222] acpiphp: ACPI Hot Plug PCI Controller Driver version: 0.5
[    1.136818] PCI: Using configuration type 1 for base access
[    1.144976] HugeTLB registered 2.00 MiB page size, pre-allocated 0 pages
[    1.192749] ACPI: Added _OSI(Module Device)
[    1.196223] ACPI: Added _OSI(Processor Device)
[    1.200221] ACPI: Added _OSI(3.0 _SCP Extensions)
[    1.204221] ACPI: Added _OSI(Processor Aggregator Device)
[    1.208223] ACPI: Added _OSI(Linux-Dell-Video)
[    1.212222] ACPI: Added _OSI(Linux-Lenovo-NV-HDMI-Audio)
[    1.216225] ACPI: Added _OSI(Linux-HPI-Hybrid-Graphics)
[    1.222534] ACPI: 2 ACPI AML tables successfully acquired and loaded
[    1.226929] ACPI: Interpreter enabled
[    1.228239] ACPI: (supports S0 S5)
[    1.232221] ACPI: Using IOAPIC for interrupt routing
[    1.236610] PCI: Using host bridge windows from ACPI; if necessary, use "pci=nocrs" and report a bug
[    1.240384] ACPI: Enabled 2 GPEs in block 00 to 07
[    1.256048] ACPI: PCI Root Bridge [PCI0] (domain 0000 [bus 00-ff])
[    1.256232] acpi PNP0A03:00: _OSC: OS supports [ASPM ClockPM Segments MSI HPX-Type3]
[    1.264713] acpi PNP0A03:00: _OSC: not requesting OS control; OS requires [ExtendedConfig ASPM ClockPM MSI]
[    1.268237] acpi PNP0A03:00: fail to add MMCONFIG information, can't access extended PCI configuration space under this bridge.
[    1.273060] PCI host bridge to bus 0000:00
[    1.276223] pci_bus 0000:00: root bus resource [io  0x0000-0x0cf7 window]
[    1.280222] pci_bus 0000:00: root bus resource [io  0x0d00-0xffff window]
[    1.284223] pci_bus 0000:00: root bus resource [mem 0x000a0000-0x000bffff window]
[    1.288224] pci_bus 0000:00: root bus resource [mem 0x9c400000-0xfdffffff window]
[    1.292223] pci_bus 0000:00: root bus resource [bus 00-ff]
[    1.296381] pci 0000:00:00.0: [8086:1237] type 00 class 0x060000
[    1.309841] pci 0000:00:01.0: [8086:7000] type 00 class 0x060100
[    1.317921] pci 0000:00:01.1: [8086:7111] type 00 class 0x01018a
[    1.324356] pci 0000:00:01.1: reg 0x20: [io  0xd000-0xd00f]
[    1.329027] pci 0000:00:01.1: legacy IDE quirk: reg 0x10: [io  0x01f0-0x01f7]
[    1.332226] pci 0000:00:01.1: legacy IDE quirk: reg 0x14: [io  0x03f6]
[    1.336223] pci 0000:00:01.1: legacy IDE quirk: reg 0x18: [io  0x0170-0x0177]
[    1.340230] pci 0000:00:01.1: legacy IDE quirk: reg 0x1c: [io  0x0376]
[    1.352216] pci 0000:00:02.0: [80ee:beef] type 00 class 0x030000
[    1.353644] pci 0000:00:02.0: reg 0x10: [mem 0xe0000000-0xe0ffffff pref]
[    1.369346] pci 0000:00:03.0: [8086:100e] type 00 class 0x020000
[    1.372886] pci 0000:00:03.0: reg 0x10: [mem 0xf0000000-0xf001ffff]
[    1.376815] pci 0000:00:03.0: reg 0x18: [io  0xd010-0xd017]
[    1.390168] pci 0000:00:04.0: [80ee:cafe] type 00 class 0x088000
[    1.396826] pci 0000:00:04.0: reg 0x10: [io  0xd020-0xd03f]
[    1.400712] pci 0000:00:04.0: reg 0x14: [mem 0xf0400000-0xf07fffff]
[    1.408447] pci 0000:00:04.0: reg 0x18: [mem 0xf0800000-0xf0803fff pref]
[    1.420724] pci 0000:00:05.0: [8086:2415] type 00 class 0x040100
[    1.424814] pci 0000:00:05.0: reg 0x10: [io  0xd100-0xd1ff]
[    1.428465] pci 0000:00:05.0: reg 0x14: [io  0xd200-0xd23f]
[    1.444804] pci 0000:00:07.0: [8086:7113] type 00 class 0x068000
[    1.452305] pci 0000:00:07.0: quirk: [io  0x4000-0x403f] claimed by PIIX4 ACPI
[    1.456263] pci 0000:00:07.0: quirk: [io  0x4100-0x410f] claimed by PIIX4 SMB
[    1.467816] pci 0000:00:08.0: [8086:100e] type 00 class 0x020000
[    1.469678] pci 0000:00:08.0: reg 0x10: [mem 0xf0820000-0xf083ffff]
[    1.472801] pci 0000:00:08.0: reg 0x18: [io  0xd240-0xd247]
[    1.539913] pci 0000:00:14.0: [1000:0030] type 00 class 0x010000
[    1.540820] pci 0000:00:14.0: reg 0x10: [io  0xd300-0xd3ff]
[    1.544993] pci 0000:00:14.0: reg 0x14: [mem 0xf0840000-0xf085ffff]
[    1.552536] pci 0000:00:14.0: reg 0x18: [mem 0xf0860000-0xf087ffff]
[    1.613427] ACPI: PCI Interrupt Link [LNKA] (IRQs 5 9 10 *11)
[    1.616856] ACPI: PCI Interrupt Link [LNKB] (IRQs 5 9 *10 11)
[    1.620451] ACPI: PCI Interrupt Link [LNKC] (IRQs 5 *9 10 11)
[    1.624497] ACPI: PCI Interrupt Link [LNKD] (IRQs 5 9 10 *11)
[    1.628817] iommu: Default domain type: Translated 
[    1.632734] SCSI subsystem initialized
[    1.640364] pci 0000:00:02.0: vgaarb: setting as boot VGA device
[    1.644216] pci 0000:00:02.0: vgaarb: VGA device added: decodes=io+mem,owns=io+mem,locks=none
[    1.644225] pci 0000:00:02.0: vgaarb: bridge control possible
[    1.648220] vgaarb: loaded
[    1.650857] ACPI: bus type USB registered
[    1.656294] usbcore: registered new interface driver usbfs
[    1.660241] usbcore: registered new interface driver hub
[    1.664240] usbcore: registered new device driver usb
[    1.668311] pps_core: LinuxPPS API ver. 1 registered
[    1.672222] pps_core: Software ver. 5.3.6 - Copyright 2005-2007 Rodolfo Giometti <giometti@linux.it>
[    1.676239] PTP clock support registered
[    1.680469] EDAC MC: Ver: 3.0.0
[    1.688287] PCI: Using ACPI for IRQ routing
[    1.693155] NetLabel: Initializing
[    1.696220] NetLabel:  domain hash size = 128
[    1.700220] NetLabel:  protocols = UNLABELED CIPSOv4 CALIPSO
[    1.704417] NetLabel:  unlabeled traffic allowed by default
[    1.709714] clocksource: Switched to clocksource kvm-clock
[    1.727476] *** VALIDATE bpf ***
[    1.727476] VFS: Disk quotas dquot_6.6.0
[    1.727476] VFS: Dquot-cache hash table entries: 512 (order 0, 4096 bytes)
[    1.727476] *** VALIDATE ramfs ***
[    1.727476] *** VALIDATE hugetlbfs ***
[    1.727476] AppArmor: AppArmor Filesystem Enabled
[    1.727476] pnp: PnP ACPI init
[    1.727476] pnp: PnP ACPI: found 3 devices
[    1.839935] thermal_sys: Registered thermal governor 'fair_share'
[    1.839936] thermal_sys: Registered thermal governor 'bang_bang'
[    1.843833] thermal_sys: Registered thermal governor 'step_wise'
[    1.843833] thermal_sys: Registered thermal governor 'user_space'
[    1.843833] thermal_sys: Registered thermal governor 'power_allocator'
[    1.866637] clocksource: acpi_pm: mask: 0xffffff max_cycles: 0xffffff, max_idle_ns: 2085701024 ns
[    1.869643] pci_bus 0000:00: resource 4 [io  0x0000-0x0cf7 window]
[    1.869643] pci_bus 0000:00: resource 5 [io  0x0d00-0xffff window]
[    1.869643] pci_bus 0000:00: resource 6 [mem 0x000a0000-0x000bffff window]
[    1.869643] pci_bus 0000:00: resource 7 [mem 0x9c400000-0xfdffffff window]
[    1.869643] NET: Registered protocol family 2
[    1.869643] IP idents hash table entries: 65536 (order: 7, 524288 bytes, linear)
[    1.919310] tcp_listen_portaddr_hash hash table entries: 2048 (order: 3, 32768 bytes, linear)
[    1.921625] TCP established hash table entries: 32768 (order: 6, 262144 bytes, linear)
[    1.921625] TCP bind hash table entries: 32768 (order: 7, 524288 bytes, linear)
[    1.921625] TCP: Hash tables configured (established 32768 bind 32768)
[    1.921625] UDP hash table entries: 2048 (order: 4, 65536 bytes, linear)
[    1.921625] UDP-Lite hash table entries: 2048 (order: 4, 65536 bytes, linear)
[    1.921625] NET: Registered protocol family 1
[    1.921625] NET: Registered protocol family 44
[    1.921625] pci 0000:00:00.0: Limiting direct PCI/PCI transfers
[    1.921625] pci 0000:00:01.0: Activating ISA DMA hang workarounds
[    1.921625] pci 0000:00:02.0: Video device with shadowed ROM at [mem 0x000c0000-0x000dffff]
[    1.921625] PCI: CLS 0 bytes, default 64
[    1.921625] Trying to unpack rootfs image as initramfs...
[    3.446249] Freeing initrd memory: 85060K
[    3.452564] platform rtc_cmos: registered platform RTC device (no PNP device found)
[    3.462165] check: Scanning for low memory corruption every 60 seconds
[    3.470477] Initialise system trusted keyrings
[    3.474775] Key type blacklist registered
[    3.479404] workingset: timestamp_bits=36 max_order=20 bucket_order=0
[    3.488901] zbud: loaded
[    3.492641] squashfs: version 4.0 (2009/01/31) Phillip Lougher
[    3.499174] fuse: init (API version 7.31)
[    3.503462] *** VALIDATE fuse ***
[    3.507095] *** VALIDATE fuse ***
[    3.511822] Platform Keyring initialized
[    3.519271] Key type asymmetric registered
[    3.523646] Asymmetric key parser 'x509' registered
[    3.529814] Block layer SCSI generic (bsg) driver version 0.4 loaded (major 244)
[    3.537165] io scheduler mq-deadline registered
[    3.541864] shpchp: Standard Hot Plug PCI Controller Driver version: 0.4
[    3.548561] ACPI: AC Adapter [AC] (on-line)
[    3.553403] input: Power Button as /devices/LNXSYSTM:00/LNXPWRBN:00/input/input0
[    3.565164] ACPI: Power Button [PWRF]
[    3.569045] input: Sleep Button as /devices/LNXSYSTM:00/LNXSLPBN:00/input/input1
[    3.576154] ACPI: Sleep Button [SLPF]
[    3.580440] Serial: 8250/16550 driver, 32 ports, IRQ sharing enabled
[    3.612951] 00:02: ttyS0 at I/O 0x3f8 (irq = 4, base_baud = 115200) is a 16550A
[    3.633812] Linux agpgart interface v0.103
[    7.816347] loop: module loaded
[    7.833380] scsi host0: ata_piix
[    7.840366] scsi host1: ata_piix
[    7.844548] ata1: PATA max UDMA/33 cmd 0x1f0 ctl 0x3f6 bmdma 0xd000 irq 14
[    7.848456] ata2: PATA max UDMA/33 cmd 0x170 ctl 0x376 bmdma 0xd008 irq 15
[    7.858826] tun: Universal TUN/TAP device driver, 1.6
[    7.866071] PPP generic driver version 2.4.2
[    7.870567] VFIO - User Level meta-driver version: 0.3
[    7.876537] ehci_hcd: USB 2.0 'Enhanced' Host Controller (EHCI) Driver
[    7.882895] ehci-pci: EHCI PCI platform driver
[    7.886927] ehci-platform: EHCI generic platform driver
[    7.892108] ohci_hcd: USB 1.1 'Open' Host Controller (OHCI) Driver
[    7.898743] ohci-pci: OHCI PCI platform driver
[    7.903082] ohci-platform: OHCI generic platform driver
[    7.908395] uhci_hcd: USB Universal Host Controller Interface driver
[    7.914940] i8042: PNP: PS/2 Controller [PNP0303:PS2K,PNP0f03:PS2M] at 0x60,0x64 irq 1,12
[    7.926210] serio: i8042 KBD port at 0x60,0x64 irq 1
[    7.931581] serio: i8042 AUX port at 0x60,0x64 irq 12
[    7.937570] mousedev: PS/2 mouse device common for all mice
[    7.947888] input: AT Translated Set 2 keyboard as /devices/platform/i8042/serio0/input/input2
[    7.951038] rtc_cmos rtc_cmos: registered as rtc0
[    7.962005] rtc_cmos rtc_cmos: alarms up to one day, 114 bytes nvram
[    7.968718] i2c /dev entries driver
[    7.972603] device-mapper: uevent: version 1.0.3
[    7.978190] device-mapper: ioctl: 4.41.0-ioctl (2019-09-16) initialised: dm-devel@redhat.com
[    7.986773] platform eisa.0: Probing EISA bus 0
[    7.991765] platform eisa.0: EISA: Cannot allocate resource for mainboard
[    7.999462] platform eisa.0: Cannot allocate resource for EISA slot 1
[    8.005981] platform eisa.0: Cannot allocate resource for EISA slot 2
[    8.013691] platform eisa.0: Cannot allocate resource for EISA slot 3
[    8.020244] platform eisa.0: Cannot allocate resource for EISA slot 4
[    8.028245] platform eisa.0: Cannot allocate resource for EISA slot 5
[    8.035131] platform eisa.0: Cannot allocate resource for EISA slot 6
[    8.041497] platform eisa.0: Cannot allocate resource for EISA slot 7
[    8.048082] platform eisa.0: Cannot allocate resource for EISA slot 8
[    8.054398] platform eisa.0: EISA: Detected 0 cards
[    8.082445] intel_pstate: CPU model not supported
[    8.088048] ledtrig-cpu: registered to indicate activity on CPUs
[    8.094379] drop_monitor: Initializing network drop monitor service
[    8.098155] NET: Registered protocol family 10
[    8.116759] Segment Routing with IPv6
[    8.121065] NET: Registered protocol family 17
[    8.126174] Key type dns_resolver registered
[    8.131118] RAS: Correctable Errors collector initialized.
[    8.135976] IPI shorthand broadcast: enabled
[    8.139954] sched_clock: Marking stable (7506410927, 633493069)->(8381581595, -241677599)
[    8.147899] registered taskstats version 1
[    8.152068] Loading compiled-in X.509 certificates
[    8.157761] Loaded X.509 cert 'Build time autogenerated kernel key: 09459b98d5765ada5ec703713cd00df8d920d79d'
[    8.167260] Loaded X.509 cert 'Canonical Ltd. Live Patch Signing: 14df34d1a87cf37625abec039ef2bf521249b969'
[    8.176091] Loaded X.509 cert 'Canonical Ltd. Kernel Module Signing: 88f752e560a1e0737e31163a466ad7b70a850c19'
[    8.184823] blacklist: Loading compiled-in revocation X.509 certificates
[    8.191529] Loaded X.509 cert 'Canonical Ltd. Secure Boot Signing: 61482aa2830d0ab2ad5af10b7250da9033ddcef0'
[    8.200143] Loaded X.509 cert 'Canonical Ltd. Secure Boot Signing (2017): 242ade75ac4a15e50d50c84b0d45ff3eae707a03'
[    8.210658] Loaded X.509 cert 'Canonical Ltd. Secure Boot Signing (ESM 2018): 365188c1d374d6b07c3c8f240f8ef722433d6a8b'
[    8.220109] Loaded X.509 cert 'Canonical Ltd. Secure Boot Signing (2019): c0746fd6c5da3ae827864651ad66ae47fe24b3e8'
[    8.231295] Loaded X.509 cert 'Canonical Ltd. Secure Boot Signing (2021 v1): a8d54bbb3825cfb94fa13c9f8a594a195c107b8d'
[    8.242193] Loaded X.509 cert 'Canonical Ltd. Secure Boot Signing (2021 v2): 4cf046892d6fd3c9a5b03f98d845f90851dc6a8c'
[    8.253649] Loaded X.509 cert 'Canonical Ltd. Secure Boot Signing (2021 v3): 100437bb6de6e469b581e61cd66bce3ef4ed53af'
[    8.264410] Loaded X.509 cert 'Canonical Ltd. Secure Boot Signing (Ubuntu Core 2019): c1d57b8f6b743f23ee41f4f7ee292f06eecadfb9'
[    8.276562] zswap: loaded using pool lzo/zbud
[    8.282300] Key type ._fscrypt registered
[    8.286205] Key type .fscrypt registered
[    8.301308] Key type big_key registered
[    8.310226] Key type encrypted registered
[    8.313619] AppArmor: AppArmor sha1 policy hashing enabled
[    8.318931] ima: No TPM chip found, activating TPM-bypass!
[    8.323694] ima: Allocated hash algorithm: sha1
[    8.328681] ima: No architecture policies found
[    8.332904] evm: Initialising EVM extended attributes:
[    8.337394] evm: security.selinux
[    8.340449] evm: security.SMACK64
[    8.344429] evm: security.SMACK64EXEC
[    8.347876] evm: security.SMACK64TRANSMUTE
[    8.351712] evm: security.SMACK64MMAP
[    8.355341] evm: security.apparmor
[    8.358646] evm: security.ima
[    8.361503] evm: security.capability
[    8.364729] evm: HMAC attrs: 0x1
[    8.367992] PM:   Magic number: 7:210:753
[    8.371650] tty ttyS4: hash matches
[    8.376140] rtc_cmos rtc_cmos: setting system clock to 2023-09-17T21:42:14 UTC (1694986934)
[    8.385991] Freeing unused decrypted memory: 2040K
[    8.390575] Freeing unused kernel image memory: 2764K
[    8.401908] Write protecting the kernel read-only data: 26624k
[    8.411805] Freeing unused kernel image memory: 2036K
[    8.417258] Freeing unused kernel image memory: 960K
[    8.428502] x86/mm: Checked W+X mappings: passed, no W+X pages found.
[    8.433896] x86/mm: Checking user space page tables
[    8.444123] x86/mm: Checked W+X mappings: passed, no W+X pages found.
[    8.449680] Run /init as init process
Loading, please wait...
Starting version 245.4-4ubuntu3.22
[    8.579244] piix4_smbus 0000:00:07.0: SMBus Host Controller at 0x4100, revision 0
[    8.591460] e1000: Intel(R) PRO/1000 Network Driver - version 7.3.21-k8-NAPI
[    8.598105] e1000: Copyright (c) 1999-2006 Intel Corporation.
[    8.610294] Fusion MPT base driver 3.04.20
[    8.615990] Copyright (c) 1999-2008 LSI Corporation
[    8.624598] ACPI: Video Device [GFX0] (multi-head: yes  rom: no  post: no)
[    8.642725] input: Video Bus as /devices/LNXSYSTM:00/LNXSYBUS:00/PNP0A03:00/LNXVIDEO:00/input/input4
[    8.660210] Fusion MPT SPI Host driver 3.04.20
[    8.668511] mptbase: ioc0: Initiating bringup
[    8.689292] cryptd: max_cpu_qlen set to 1000
[    8.698526] SSE version of gcm_enc/dec engaged.
[    8.760963] [drm] VRAM 01000000
[    8.764233] [TTM] Zone  kernel: Available graphics memory: 1235142 KiB
[    8.770317] [TTM] Initializing pool allocator
[    8.776609] [TTM] Initializing DMA pool allocator
[    8.809187] fbcon: vboxvideodrmfb (fb0) is primary device
[    8.812731] ioc0: LSI53C1030 A0: Capabilities={Initiator}
[    8.840061] Console: switching to colour frame buffer device 128x48
[    8.878716] vboxvideo 0000:00:02.0: fb0: vboxvideodrmfb frame buffer device
[    8.906107] [drm] Initialized vboxvideo 1.0.0 20130823 for 0000:00:02.0 on minor 0
[    8.956710] input: ImExPS/2 Generic Explorer Mouse as /devices/platform/i8042/serio1/input/input5
[    9.168673] scsi host2: ioc0: LSI53C1030 A0, FwRev=00000000h, Ports=1, MaxQ=256, IRQ=20
[    9.408915] e1000 0000:00:03.0 eth0: (PCI:33MHz:32-bit) 02:42:ef:1f:df:3a
[    9.413178] e1000 0000:00:03.0 eth0: Intel(R) PRO/1000 Network Connection
[    9.444353] scsi 2:0:0:0: Direct-Access     VBOX     HARDDISK         1.0  PQ: 0 ANSI: 5
[    9.578854] scsi target2:0:0: Beginning Domain Validation
[    9.588527] scsi target2:0:0: Domain Validation skipping write tests
[    9.592206] scsi target2:0:0: Ending Domain Validation
[    9.595184] scsi target2:0:0: asynchronous
[    9.599490] scsi 2:0:1:0: Direct-Access     VBOX     HARDDISK         1.0  PQ: 0 ANSI: 5
[    9.629650] scsi target2:0:1: Beginning Domain Validation
[    9.637692] scsi target2:0:1: Domain Validation skipping write tests
[    9.640829] scsi target2:0:1: Ending Domain Validation
[    9.644154] scsi target2:0:1: asynchronous
[    9.658199] sd 2:0:0:0: [sda] 83886080 512-byte logical blocks: (42.9 GB/40.0 GiB)
[    9.662576] sd 2:0:0:0: [sda] Write Protect is off
[    9.666164] sd 2:0:0:0: Attached scsi generic sg0 type 0
[    9.670046] sd 2:0:0:0: [sda] Incomplete mode parameter data
[    9.672894] sd 2:0:0:0: [sda] Assuming drive cache: write through
[    9.682988] scsi 2:0:1:0: Attached scsi generic sg1 type 0
[    9.694011] sd 2:0:1:0: [sdb] 20480 512-byte logical blocks: (10.5 MB/10.0 MiB)
[    9.715871] sd 2:0:1:0: [sdb] Write Protect is off
[    9.726015] sd 2:0:1:0: [sdb] Incomplete mode parameter data
[    9.736760] sd 2:0:1:0: [sdb] Assuming drive cache: write through
[    9.762871]  sda: sda1
[    9.952145] sd 2:0:1:0: [sdb] Attached SCSI disk
[    9.964522] sd 2:0:0:0: [sda] Attached SCSI disk
[   10.116731] e1000 0000:00:08.0 eth1: (PCI:33MHz:32-bit) 08:00:27:b2:cc:9e
[   10.128195] e1000 0000:00:08.0 eth1: Intel(R) PRO/1000 Network Connection
[   10.144017] e1000 0000:00:03.0 enp0s3: renamed from eth0
[   10.174076] e1000 0000:00:08.0 enp0s8: renamed from eth1
Begin: Loading essential drivers ... [  178.981044] raid6: sse2x4   gen() 61802489 MB/s
[  178.981028] rcu: INFO: rcu_sched detected stalls on CPUs/tasks:
[  178.981032] rcu: 	1-...!: (2 ticks this GP) idle=8de/1/0x4000000000000000 softirq=1060/1065 fqs=2 
[  179.026525] 	(detected by 0, t=42160 jiffies, g=-95, q=96)
[  179.042509] Sending NMI from CPU 0 to CPUs 1:
[  189.038242] rcu: rcu_sched kthread starved for 42155 jiffies! g-95 f0x0 RCU_GP_WAIT_FQS(5) ->state=0x402 ->cpu=0
[  189.053181] rcu: RCU grace-period kthread stack dump:
[  189.065994] rcu_sched       I    0    10      2 0x80004000
[  189.079553] Call Trace:
[  189.091741]  __schedule+0x2e3/0x740
[  189.104467]  schedule+0x42/0xb0
[  189.117057]  schedule_timeout+0x8a/0x160
[  189.129736]  ? __next_timer_interrupt+0xe0/0xe0
[  189.142994]  rcu_gp_kthread+0x48d/0x9a0
[  189.155155]  kthread+0x104/0x140
[  189.167425]  ? kfree_call_rcu+0x20/0x20
[  189.179441]  ? kthread_park+0x90/0x90
[  189.191188]  ret_from_fork+0x35/0x40
[  189.993653] raid6: sse2x4   xor() 223464 MB/s
[  190.059422] raid6: sse2x2   gen() 15892 MB/s
[  190.122045] raid6: sse2x2   xor()  9510 MB/s
[  190.183548] raid6: sse2x1   gen() 12856 MB/s
[  190.245641] raid6: sse2x1   xor()  8661 MB/s
[  190.257022] raid6: using algorithm sse2x4 gen() 61802489 MB/s
[  190.269049] raid6: .... xor() 223464 MB/s, rmw enabled
[  190.281642] raid6: using ssse3x2 recovery algorithm
[  190.295626] xor: measuring software checksum speed
[  190.411414]    prefetch64-sse: 55868.000 MB/sec
[  190.514449]    generic_sse: 52289.000 MB/sec
[  190.525655] xor: using function: prefetch64-sse (55868.000 MB/sec)
[  190.541129] async_tx: api initialized (async)
done.
Begin: Running /scripts/init-premount ... done.
Begin: Mounting root file system ... Begin: Running /scripts/local-top ... done.
Begin: Running /scripts/local-premount ... [  190.608835] Btrfs loaded, crc32c=crc32c-intel
Scanning for Btrfs filesystems
done.
Begin: Will now check root file system ... fsck from util-linux 2.34
[/usr/sbin/fsck.ext4 (1) -- /dev/sda1] fsck.ext4 -a -C0 /dev/sda1 
cloudimg-rootfs: clean, 141554/5120000 files, 1682195/10485499 blocks
done.
[  190.707469] EXT4-fs (sda1): mounted filesystem with ordered data mode. Opts: (null)
done.
Begin: Running /scripts/local-bottom ... done.
Begin: Running /scripts/init-bottom ... done.
[  190.956447] systemd[1]: Inserted module 'autofs4'
[  190.989797] systemd[1]: systemd 245.4-4ubuntu3.22 running in system mode. (+PAM +AUDIT +SELINUX +IMA +APPARMOR +SMACK +SYSVINIT +UTMP +LIBCRYPTSETUP +GCRYPT +GNUTLS +ACL +XZ +LZ4 +SECCOMP +BLKID +ELFUTILS +KMOD +IDN2 -IDN +PCRE2 default-hierarchy=hybrid)
[  191.033895] systemd[1]: Detected virtualization oracle.
[  191.046853] systemd[1]: Detected architecture x86-64.

Welcome to [1mUbuntu 20.04.6 LTS[0m!

[  191.086245] systemd[1]: Set hostname to <ubuntu-bionic>.
[  191.430293] systemd[1]: Created slice system-modprobe.slice.
[[0;32m  OK  [0m] Created slice [0;1;39msystem-modprobe.slice[0m.
[  191.448539] systemd[1]: Created slice system-serial\x2dgetty.slice.
[[0;32m  OK  [0m] Created slice [0;1;39msystem-serial\x2dgetty.slice[0m.
[  191.466596] systemd[1]: Created slice User and Session Slice.
[[0;32m  OK  [0m] Created slice [0;1;39mUser and Session Slice[0m.
[  191.484181] systemd[1]: Started Forward Password Requests to Wall Directory Watch.
[[0;32m  OK  [0m] Started [0;1;39mForward Password R…uests to Wall Directory Watch[0m.
[  191.503299] systemd[1]: Set up automount Arbitrary Executable File Formats File System Automount Point.
[[0;32m  OK  [0m] Set up automount [0;1;39mArbitrary…s File System Automount Point[0m.
[  191.523885] systemd[1]: Reached target User and Group Name Lookups.
[[0;32m  OK  [0m] Reached target [0;1;39mUser and Group Name Lookups[0m.
[  191.542009] systemd[1]: Reached target Slices.
[[0;32m  OK  [0m] Reached target [0;1;39mSlices[0m.
[  191.558949] systemd[1]: Reached target Mounting snaps.
[[0;32m  OK  [0m] Reached target [0;1;39mMounting snaps[0m.
[  191.576138] systemd[1]: Reached target Swap.
[[0;32m  OK  [0m] Reached target [0;1;39mSwap[0m.
[  191.593268] systemd[1]: Reached target System Time Set.
[[0;32m  OK  [0m] Reached target [0;1;39mSystem Time Set[0m.
[  191.610559] systemd[1]: Reached target System Time Synchronized.
[[0;32m  OK  [0m] Reached target [0;1;39mSystem Time Synchronized[0m.
[  191.628151] systemd[1]: Listening on Device-mapper event daemon FIFOs.
[[0;32m  OK  [0m] Listening on [0;1;39mDevice-mapper event daemon FIFOs[0m.
[  191.646070] systemd[1]: Listening on LVM2 poll daemon socket.
[[0;32m  OK  [0m] Listening on [0;1;39mLVM2 poll daemon socket[0m.
[  191.663269] systemd[1]: Listening on multipathd control socket.
[[0;32m  OK  [0m] Listening on [0;1;39mmultipathd control socket[0m.
[  191.680170] systemd[1]: Listening on Syslog Socket.
[[0;32m  OK  [0m] Listening on [0;1;39mSyslog Socket[0m.
[  191.696783] systemd[1]: Listening on fsck to fsckd communication Socket.
[[0;32m  OK  [0m] Listening on [0;1;39mfsck to fsckd communication Socket[0m.
[  191.714090] systemd[1]: Listening on initctl Compatibility Named Pipe.
[[0;32m  OK  [0m] Listening on [0;1;39minitctl Compatibility Named Pipe[0m.
[  191.732450] systemd[1]: Listening on Journal Audit Socket.
[[0;32m  OK  [0m] Listening on [0;1;39mJournal Audit Socket[0m.
[  191.748435] systemd[1]: Listening on Journal Socket (/dev/log).
[[0;32m  OK  [0m] Listening on [0;1;39mJournal Socket (/dev/log)[0m.
[  191.765304] systemd[1]: Listening on Journal Socket.
[[0;32m  OK  [0m] Listening on [0;1;39mJournal Socket[0m.
[  191.781568] systemd[1]: Listening on Network Service Netlink Socket.
[[0;32m  OK  [0m] Listening on [0;1;39mNetwork Service Netlink Socket[0m.
[  191.799692] systemd[1]: Listening on udev Control Socket.
[[0;32m  OK  [0m] Listening on [0;1;39mudev Control Socket[0m.
[  191.817308] systemd[1]: Listening on udev Kernel Socket.
[[0;32m  OK  [0m] Listening on [0;1;39mudev Kernel Socket[0m.
[  191.835252] systemd[1]: Mounting Huge Pages File System...
         Mounting [0;1;39mHuge Pages File System[0m...
[  191.854317] systemd[1]: Mounting POSIX Message Queue File System...
         Mounting [0;1;39mPOSIX Message Queue File System[0m...
[  191.872288] systemd[1]: Mounting Kernel Debug File System...
         Mounting [0;1;39mKernel Debug File System[0m...
[  191.889593] systemd[1]: Mounting Kernel Trace File System...
         Mounting [0;1;39mKernel Trace File System[0m...
[  191.908575] systemd[1]: Starting Journal Service...
         Starting [0;1;39mJournal Service[0m...
[  191.928027] systemd[1]: Starting Set the console keyboard layout...
         Starting [0;1;39mSet the console keyboard layout[0m...
[  191.952699] systemd[1]: Starting Create list of static device nodes for the current kernel...
         Starting [0;1;39mCreate list of st…odes for the current kernel[0m...
[  191.972917] systemd[1]: Starting Monitoring of LVM2 mirrors, snapshots etc. using dmeventd or progress polling...
         Starting [0;1;39mMonitoring of LVM…meventd or progress polling[0m...
[  191.997519] systemd[1]: Starting Load Kernel Module chromeos_pstore...
         Starting [0;1;39mLoad Kernel Module chromeos_pstore[0m...
[  192.016910] systemd[1]: Condition check resulted in Load Kernel Module drm being skipped.
[  192.035191] systemd[1]: Starting Load Kernel Module efi_pstore...
         Starting [0;1;39mLoad Kernel Module efi_pstore[0m...
[  192.060030] systemd[1]: Starting Load Kernel Module pstore_blk...
         Starting [0;1;39mLoad Kernel Module pstore_blk[0m...
[  192.079569] systemd[1]: Starting Load Kernel Module pstore_zone...
         Starting [0;1;39mLoad Kernel Module pstore_zone[0m...
[  192.099284] systemd[1]: Starting Load Kernel Module ramoops...
         Starting [0;1;39mLoad Kernel Module ramoops[0m...
[  192.119873] systemd[1]: Condition check resulted in OpenVSwitch configuration for cleanup being skipped.
[  192.136362] systemd[1]: Condition check resulted in Set Up Additional Binary Formats being skipped.
[  192.151367] systemd[1]: Condition check resulted in File System Check on Root Device being skipped.
[  192.169141] systemd[1]: Starting Load Kernel Modules...
         Starting [0;1;39mLoad Kernel Modules[0m...
[  192.185487] systemd[1]: Starting Remount Root and Kernel File Systems...
[  192.196479] EXT4-fs (sda1): re-mounted. Opts: (null)
         Starting [0;1;39mRemount Root and Kernel File Systems[0m...
[  192.214859] systemd[1]: Starting udev Coldplug all Devices...
         Starting [0;1;39mudev Coldplug all Devices[0m...
[  192.231617] systemd[1]: Starting Uncomplicated firewall...
         Starting [0;1;39mUncomplicated firewall[0m...
[  192.248360] systemd[1]: Started Journal Service.
[[0;32m  OK  [0m] Started [0;1;39mJournal Service[0m.
[[0;32m  OK  [0m] Mounted [0;1;39mHuge Pages File System[0m.
[[0;32m  OK  [0m] Mounted [0;1;39mPOSIX Message Queue File System[0m.
[[0;32m  OK  [0m] Mounted [0;1;39mKernel Debug File System[0m.
[[0;32m  OK  [0m] Mounted [0;1;39mKernel Trace File System[0m.
[[0;32m  OK  [0m] Finished [0;1;39mSet the console keyboard layout[0m.
[[0;32m  OK  [0m] Finished [0;1;39mCreate list of st… nodes for the current kernel[0m.
[[0;32m  OK  [0m] Finished [0;1;39mMonitoring of LVM… dmeventd or progress polling[0m.
[[0;32m  OK  [0m] Finished [0;1;39mLoad Kernel Module chromeos_pstore[0m.
[[0;32m  OK  [0m] Finished [0;1;39mLoad Kernel Module efi_pstore[0m.
[[0;32m  OK  [0m] Finished [0;1;39mLoad Kernel Module pstore_blk[0m.
[[0;32m  OK  [0m] Finished [0;1;39mLoad Kernel Module pstore_zone[0m.
[[0;32m  OK  [0m] Finished [0;1;39mLoad Kernel Module ramoops[0m.
[[0;32m  OK  [0m] Finished [0;1;39mLoad Kernel Modules[0m.
[[0;32m  OK  [0m] Finished [0;1;39mRemount Root and Kernel File Systems[0m.
[[0;32m  OK  [0m] Finished [0;1;39mUncomplicated firewall[0m.
         Mounting [0;1;39mFUSE Control File System[0m...
         Mounting [0;1;39mKernel Configuration File System[0m...
         Starting [0;1;39mFlush Journal to Persistent Storage[0m...
         Starting [0;1;39mLoad/Save Random Seed[0m...
         Startin[  192.356838] systemd-journald[360]: Received client request to flush runtime journal.
g [0;1;39mApply Kernel Variables[0m...
         Starting [0;1;39mCreate System Users[0m...
[[0;32m  OK  [0m] Mounted [0;1;39mFUSE Control File System[0m.
[[0;32m  OK  [0m] Mounted [0;1;39mKernel Configuration File System[0m.
[[0;32m  OK  [0m] Finished [0;1;39mLoad/Save Random Seed[0m.
[[0;32m  OK  [0m] Finished [0;1;39mudev Coldplug all Devices[0m.
         Starting [0;1;39mudev Wait for Complete Device Initialization[0m...
[[0;32m  OK  [0m] Finished [0;1;39mApply Kernel Variables[0m.
[[0;32m  OK  [0m] Finished [0;1;39mCreate System Users[0m.
         Starting [0;1;39mCreate Static Device Nodes in /dev[0m...
[[0;32m  OK  [0m] Finished [0;1;39mCreate Static Device Nodes in /dev[0m.
         Starting [0;1;39mudev Kernel Device Manager[0m...
[[0;32m  OK  [0m] Finished [0;1;39mFlush Journal to Persistent Storage[0m.
[[0;32m  OK  [0m] Started [0;1;39mudev Kernel Device Manager[0m.
[[0;32m  OK  [0m] Started [0;1;39mDispatch Password …ts to Console Directory Watch[0m.
[[0;32m  OK  [0m] Reached target [0;1;39mLocal Encrypted Volumes[0m.
[[0;32m  OK  [0m] Found device [0;1;39m/dev/ttyS0[0m.
[[0;32m  OK  [0m] Listening on [0;1;39mLoad/Save RF …itch Status /dev/rfkill Watch[0m.
         Mounting [0;1;39mArbitrary Executable File Formats File System[0m...
[[0;32m  OK  [0m] Mounted [0;1;39mArbitrary Executable File Formats File System[0m.
[[0;32m  OK  [0m] Reached target [0;1;39mSound Card[0m.
[[0;32m  OK  [0m] Finished [0;1;39mudev Wait for Complete Device Initialization[0m.
         Starting [0;1;39mDevice-Mapper Multipath Device Controller[0m...
[[0;32m  OK  [0m] Started [0;1;39mDevice-Mapper Multipath Device Controller[0m.
[[0;32m  OK  [0m] Reached target [0;1;39mLocal File Systems (Pre)[0m.
         Mounting [0;1;39mMount unit for core20, revision 1974[0m...
         Mounting [0;1;39mMount unit for core20, revision 2015[0m...
         Mounting [0;1;39mMount unit for lxd, revision 24061[0m...
         Mounting [0;1;39mMount unit for snapd, revision 19457[0m...
         Mounting [0;1;39mMount unit for snapd, revision 20092[0m...
[[0;32m  OK  [0m] Mounted [0;1;39mMount unit for core20, revision 1974[0m.
[[0;32m  OK  [0m] Mounted [0;1;39mMount unit for core20, revision 2015[0m.
[[0;32m  OK  [0m] Mounted [0;1;39mMount unit for lxd, revision 24061[0m.
[[0;32m  OK  [0m] Mounted [0;1;39mMount unit for snapd, revision 19457[0m.
[[0;32m  OK  [0m] Mounted [0;1;39mMount unit for snapd, revision 20092[0m.
[[0;32m  OK  [0m] Reached target [0;1;39mMounted snaps[0m.
[[0;32m  OK  [0m] Reached target [0;1;39mLocal File Systems[0m.
         Starting [0;1;39mLoad AppArmor profiles[0m...
         Starting [0;1;39mSet console font and keymap[0m...
         Starting [0;1;39mCreate final runt…dir for shutdown pivot root[0m...
         Starting [0;1;39mTell Plymouth To Write Out Runtime Data[0m...
         Starting [0;1;39mCreate Volatile Files and Directories[0m...
[[0;32m  OK  [0m] Finished [0;1;39mCreate final runt…e dir for shutdown pivot root[0m.
[[0;32m  OK  [0m] Finished [0;1;39mTell Plymouth To Write Out Runtime Data[0m.
[[0;32m  OK  [0m] Finished [0;1;39mSet console font and keymap[0m.
[[0;32m  OK  [0m] Finished [0;1;39mCreate Volatile Files and Directories[0m.
         Starting [0;1;39mUpdate UTMP about System Boot/Shutdown[0m...
[[0;32m  OK  [0m] Finished [0;1;39mUpdate UTMP about System Boot/Shutdown[0m.
[[0;32m  OK  [0m] Finished [0;1;39mLoad AppArmor profiles[0m.
         Starting [0;1;39mLoad AppArmor pro…managed internally by snapd[0m...
         Starting [0;1;39mInitial cloud-init job (pre-networking)[0m...
[[0;32m  OK  [0m] Finished [0;1;39mLoad AppArmor pro…s managed internally by snapd[0m.
[  194.570352] cloud-init[614]: Cloud-init v. 23.2.1-0ubuntu0~20.04.2 running 'init-local' at Sun, 17 Sep 2023 21:45:21 +0000. Up 194.39 seconds.
[[0;32m  OK  [0m] Finished [0;1;39mInitial cloud-init job (pre-networking)[0m.
[[0;32m  OK  [0m] Reached target [0;1;39mNetwork (Pre)[0m.
         Starting [0;1;39mNetwork Service[0m...
[[0;32m  OK  [0m] Started [0;1;39mNetwork Service[0m.
         Starting [0;1;39mWait for Network to be Configured[0m...
         Starting [0;1;39mNetwork Name Resolution[0m...
[[0;32m  OK  [0m] Started [0;1;39mNetwork Name Resolution[0m.
[[0;32m  OK  [0m] Reached target [0;1;39mNetwork[0m.
[[0;32m  OK  [0m] Reached target [0;1;39mHost and Network Name Lookups[0m.
[[0;32m  OK  [0m] Finished [0;1;39mWait for Network to be Configured[0m.
         Starting [0;1;39mInitial cloud-ini… (metadata service crawler)[0m...
[  196.916511] cloud-init[633]: Cloud-init v. 23.2.1-0ubuntu0~20.04.2 running 'init' at Sun, 17 Sep 2023 21:45:23 +0000. Up 196.77 seconds.
[  196.920740] cloud-init[633]: ci-info: ++++++++++++++++++++++++++++++++++++++Net device info+++++++++++++++++++++++++++++++++++++++
[  196.925021] cloud-init[633]: ci-info: +--------+------+-----------------------------+---------------+--------+-------------------+
[  196.929686] cloud-init[633]: ci-info: | Device |  Up  |           Address           |      Mask     | Scope  |     Hw-Address    |
[  196.933803] cloud-init[633]: ci-info: +--------+------+-----------------------------+---------------+--------+-------------------+
[  196.938310] cloud-init[633]: ci-info: | enp0s3 | True |          10.0.2.15          | 255.255.255.0 | global | 02:42:ef:1f:df:3a |
[  196.942293] cloud-init[633]: ci-info: | enp0s3 | True |  fe80::42:efff:fe1f:df3a/64 |       .       |  link  | 02:42:ef:1f:df:3a |
[  196.946247] cloud-init[633]: ci-info: | enp0s8 | True |        192.168.40.11        | 255.255.255.0 | global | 08:00:27:b2:cc:9e |
[  196.950065] cloud-init[633]: ci-info: | enp0s8 | True | fe80::a00:27ff:feb2:cc9e/64 |       .       |  link  | 08:00:27:b2:cc:9e |
[  196.954797] cloud-init[633]: ci-info: |   lo   | True |          127.0.0.1          |   255.0.0.0   |  host  |         .         |
[  196.958833] cloud-init[633]: ci-info: |   lo   | True |           ::1/128           |       .       |  host  |         .         |
[  196.962697] cloud-init[633]: ci-info: +--------+------+-----------------------------+---------------+--------+-------------------+
[  196.966565] cloud-init[633]: ci-info: +++++++++++++++++++++++++++++Route IPv4 info+++++++++++++++++++++++++++++
[  196.970409] cloud-init[633]: ci-info: +-------+--------------+----------+-----------------+-----------+-------+
[  196.973975] cloud-init[633]: ci-info: | Route | Destination  | Gateway  |     Genmask     | Interface | Flags |
[  196.977259] cloud-init[633]: ci-info: +-------+--------------+----------+-----------------+-----------+-------+
[  196.980745] cloud-init[633]: ci-info: |   0   |   0.0.0.0    | 10.0.2.2 |     0.0.0.0     |   enp0s3  |   UG  |
[  196.984331] cloud-init[633]: ci-info: |   1   |   10.0.2.0   | 0.0.0.0  |  255.255.255.0  |   enp0s3  |   U   |
[  196.988837] cloud-init[633]: ci-info: |   2   |   10.0.2.2   | 0.0.0.0  | 255.255.255.255 |   enp0s3  |   UH  |
[  196.992938] cloud-init[633]: ci-info: |   3   | 192.168.40.0 | 0.0.0.0  |  255.255.255.0  |   enp0s8  |   U   |
[  196.998136] cloud-init[633]: ci-info: +-------+--------------+----------+-----------------+-----------+-------+
[  197.002057] cloud-init[633]: ci-info: +++++++++++++++++++Route IPv6 info+++++++++++++++++++
[  197.006366] cloud-init[633]: ci-info: +-------+-------------+---------+-----------+-------+
[  197.009843] cloud-init[633]: ci-info: | Route | Destination | Gateway | Interface | Flags |
[  197.012833] cloud-init[633]: ci-info: +-------+-------------+---------+-----------+-------+
[  197.015662] cloud-init[633]: ci-info: |   1   |  fe80::/64  |    ::   |   enp0s8  |   U   |
[  197.018644] cloud-init[633]: ci-info: |   2   |  fe80::/64  |    ::   |   enp0s3  |   U   |
[  197.021972] cloud-init[633]: ci-info: |   4   |    local    |    ::   |   enp0s3  |   U   |
[  197.025188] cloud-init[633]: ci-info: |   5   |    local    |    ::   |   enp0s8  |   U   |
[  197.027811] cloud-init[633]: ci-info: |   6   |  multicast  |    ::   |   enp0s8  |   U   |
[  197.030905] cloud-init[633]: ci-info: |   7   |  multicast  |    ::   |   enp0s3  |   U   |
[  197.033784] cloud-init[633]: ci-info: +-------+-------------+---------+-----------+-------+
[[0;32m  OK  [0m] Finished [0;1;39mInitial cloud-ini…ob (metadata service crawler)[0m.
[[0;32m  OK  [0m] Reached target [0;1;39mCloud-config availability[0m.
[[0;32m  OK  [0m] Reached target [0;1;39mNetwork is Online[0m.
[[0;32m  OK  [0m] Reached target [0;1;39mSystem Initialization[0m.
[[0;32m  OK  [0m] Started [0;1;39mDaily apt download activities[0m.
[[0;32m  OK  [0m] Started [0;1;39mDaily apt upgrade and clean activities[0m.
[[0;32m  OK  [0m] Started [0;1;39mPeriodic ext4 Onli…ata Check for All Filesystems[0m.
[[0;32m  OK  [0m] Started [0;1;39mDiscard unused blocks once a week[0m.
[[0;32m  OK  [0m] Started [0;1;39mRefresh fwupd metadata regularly[0m.
[[0;32m  OK  [0m] Started [0;1;39mDaily rotation of log files[0m.
[[0;32m  OK  [0m] Started [0;1;39mDaily man-db regeneration[0m.
[[0;32m  OK  [0m] Started [0;1;39mMessage of the Day[0m.
[[0;32m  OK  [0m] Started [0;1;39mDaily Cleanup of Temporary Directories[0m.
[[0;32m  OK  [0m] Reached target [0;1;39mPaths[0m.
[[0;32m  OK  [0m] Reached target [0;1;39mTimers[0m.
[[0;32m  OK  [0m] Listening on [0;1;39mcloud-init hotplug hook socket[0m.
[[0;32m  OK  [0m] Listening on [0;1;39mD-Bus System Message Bus Socket[0m.
         Starting [0;1;39mDocker Socket for the API[0m.
[[0;32m  OK  [0m] Listening on [0;1;39mOpen-iSCSI iscsid Socket[0m.
[[0;32m  OK  [0m] Listening on [0;1;39mSocket unix for snap application lxd.daemon[0m.
         Starting [0;1;39mSocket activation for snappy daemon[0m.
[[0;32m  OK  [0m] Listening on [0;1;39mUUID daemon activation socket[0m.
[[0;32m  OK  [0m] Reached target [0;1;39mRemote File Systems (Pre)[0m.
         Mounting [0;1;39m/vagrant[0m...
         Starting [0;1;39mAvailability of block devices[0m...
[[0;32m  OK  [0m] Listening on [0;1;39mDocker Socket for the API[0m.
[[0;32m  OK  [0m] Listening on [0;1;39mSocket activation for snappy daemon[0m.
[[0;1;31mFAILED[0m] Failed to mount [0;1;39m/vagrant[0m.
See 'systemctl status vagrant.mount' for details.
[[0;1;38;5;185mDEPEND[0m] Dependency failed for [0;1;39mRemote File Systems[0m.
[[0;32m  OK  [0m] Finished [0;1;39mAvailability of block devices[0m.
[[0;32m  OK  [0m] Reached target [0;1;39mSockets[0m.
[[0;32m  OK  [0m] Reached target [0;1;39mBasic System[0m.
         Starting [0;1;39mAccounts Service[0m...
         Starting [0;1;39mLSB: automatic crash report generation[0m...
         Starting [0;1;39mDeferred execution scheduler[0m...
         Starting [0;1;39mcontainerd container runtime[0m...
[[0;32m  OK  [0m] Started [0;1;39mRegular background program processing daemon[0m.
[[0;32m  OK  [0m] Started [0;1;39mD-Bus System Message Bus[0m.
[[0;32m  OK  [0m] Started [0;1;39mSave initial kernel messages after boot[0m.
         Starting [0;1;39mRemove Stale Onli…t4 Metadata Check Snapshots[0m...
         Starting [0;1;39mRecord successful boot for GRUB[0m...
[[0;32m  OK  [0m] Started [0;1;39mirqbalance daemon[0m.
         Starting [0;1;39mJenkins Continuous Integration Server[0m...
         Starting [0;1;39mDispatcher daemon for systemd-networkd[0m...
         Starting [0;1;39mAuthorization Manager[0m...
         Starting [0;1;39mSystem Logging Service[0m...
         Starting [0;1;39mService for snap application lxd.activate[0m...
[[0;32m  OK  [0m] Reached target [0;1;39mLogin Prompts (Pre)[0m.
         Starting [0;1;39mSnap Daemon[0m...
         Starting [0;1;39mOpenBSD Secure Shell server[0m...
         Starting [0;1;39mLogin Service[0m...
         Starting [0;1;39mPermit User Sessions[0m...
         Starting [0;1;39mDisk Manager[0m...
         Starting [0;1;39mVirtualbox guest utils[0m...
[[0;32m  OK  [0m] Started [0;1;39mDeferred execution scheduler[0m.
[[0;32m  OK  [0m] Finished [0;1;39mPermit User Sessions[0m.
[[0;32m  OK  [0m] Started [0;1;39mSystem Logging Service[0m.
[[0;32m  OK  [0m] Started [0;1;39mAuthorization Manager[0m.
         Starting [0;1;39mModem Manager[0m...
         Starting [0;1;39mHold until boot process finishes up[0m...
         Starting [0;1;39mTerminate Plymouth Boot Screen[0m...
[[0;32m  OK  [0m] Finished [0;1;39mHold until boot process finishes up[0m.
[[0;32m  OK  [0m] Finished [0;1;39mTerminate Plymouth Boot Screen[0m.
[[0;32m  OK  [0m] Started [0;1;39mSerial Getty on ttyS0[0m.
         Starting [0;1;39mSet console scheme[0m...
[[0;32m  OK  [0m] Finished [0;1;39mSet console scheme[0m.
[[0;32m  OK  [0m] Created slice [0;1;39msystem-getty.slice[0m.
[[0;32m  OK  [0m] Started [0;1;39mGetty on tty1[0m.
[[0;32m  OK  [0m] Reached target [0;1;39mLogin Prompts[0m.
[[0;32m  OK  [0m] Finished [0;1;39mRecord successful boot for GRUB[0m.
         Starting [0;1;39mGRUB failed boot detection[0m...
[[0;32m  OK  [0m] Finished [0;1;39mRemove Stale Onli…ext4 Metadata Check Snapshots[0m.
[[0;32m  OK  [0m] Finished [0;1;39mGRUB failed boot detection[0m.
[[0;32m  OK  [0m] Started [0;1;39mLSB: automatic crash report generation[0m.
[[0;32m  OK  [0m] Started [0;1;39mLogin Service[0m.
[[0;32m  OK  [0m] Started [0;1;39mUnattended Upgrades Shutdown[0m.
[[0;32m  OK  [0m] Started [0;1;39mOpenBSD Secure Shell server[0m.
[[0;32m  OK  [0m] Started [0;1;39mAccounts Service[0m.
[[0;32m  OK  [0m] Started [0;1;39mDisk Manager[0m.
[[0;32m  OK  [0m] Started [0;1;39mModem Manager[0m.
[[0;32m  OK  [0m] Started [0;1;39mVirtualbox guest utils[0m.
[[0;32m  OK  [0m] Created slice [0;1;39mUser Slice of UID 1000[0m.
         Starting [0;1;39mUser Runtime Directory /run/user/1000[0m...
[[0;32m  OK  [0m] Finished [0;1;39mUser Runtime Directory /run/user/1000[0m.
         Starting [0;1;39mUser Manager for UID 1000[0m...
[[0;32m  OK  [0m] Started [0;1;39mUser Manager for UID 1000[0m.
[[0;32m  OK  [0m] Started [0;1;39mSession 1 of user vagrant[0m.
[[0;32m  OK  [0m] Started [0;1;39mDispatcher daemon for systemd-networkd[0m.
[[0;32m  OK  [0m] Started [0;1;39mcontainerd container runtime[0m.
         Starting [0;1;39mDocker Application Container Engine[0m...
[[0;32m  OK  [0m] Started [0;1;39mSnap Daemon[0m.
         Starting [0;1;39mWait until snapd is fully seeded[0m...
         Starting [0;1;39mTime & Date Service[0m...

Ubuntu 20.04.6 LTS ubuntu-bionic ttyS0

ubuntu-bionic login: [  204.512910] cloud-init[1523]: Cloud-init v. 23.2.1-0ubuntu0~20.04.2 running 'modules:config' at Sun, 17 Sep 2023 21:45:30 +0000. Up 204.12 seconds.
[[0;32m  OK  [0m] Finished [0;1;39mApply the settings specified in cloud-config[0m.
[[0;32m  OK  [0m] Started [0;1;39mDocker Application Container Engine[0m.
[[0;32m  OK  [0m] Started [0;1;39mJenkins Continuous Integration Server[0m.
[[0;32m  OK  [0m] Reached target [0;1;39mMulti-User System[0m.
[[0;32m  OK  [0m] Reached target [0;1;39mGraphical Interface[0m.
         Starting [0;1;39mExecute cloud user/final scripts[0m...
         Starting [0;1;39mUpdate UTMP about System Runlevel Changes[0m...
[[0;32m  OK  [0m] Finished [0;1;39mUpdate UTMP about System Runlevel Changes[0m.
         Stopping [0;1;39mUser Manager for UID 1000[0m...
[[0;32m  OK  [0m] Stopped [0;1;39mUser Manager for UID 1000[0m.
         Stopping [0;1;39mUser Runtime Directory /run/user/1000[0m...
[[0;32m  OK  [0m] Stopped [0;1;39mUser Runtime Directory /run/user/1000[0m.
[[0;32m  OK  [0m] Removed slice [0;1;39mUser Slice of UID 1000[0m.
[  217.870850] cloud-init[1766]: Cloud-init v. 23.2.1-0ubuntu0~20.04.2 running 'modules:final' at Sun, 17 Sep 2023 21:45:44 +0000. Up 217.72 seconds.
[  217.871147] cloud-init[1766]: Cloud-init v. 23.2.1-0ubuntu0~20.04.2 finished at Sun, 17 Sep 2023 21:45:44 +0000. Datasource DataSourceNoCloud [seed=/dev/sdb][dsmode=net].  Up 217.86 seconds
[[0;32m  OK  [0m] Finished [0;1;39mExecute cloud user/final scripts[0m.
[[0;32m  OK  [0m] Reached target [0;1;39mCloud-init target[0m.
         Stopping [0;1;39mSession 5 of user vagrant[0m.
[[0;32m  OK  [0m] Removed slice [0;1;39msystem-modprobe.slice[0m.
[[0;32m  OK  [0m] Stopped target [0;1;39mCloud-init target[0m.
[[0;32m  OK  [0m] Stopped target [0;1;39mGraphical Interface[0m.
[[0;32m  OK  [0m] Stopped target [0;1;39mHost and Network Name Lookups[0m.
[[0;32m  OK  [0m] Stopped target [0;1;39mRemote File Systems (Pre)[0m.
[[0;32m  OK  [0m] Stopped target [0;1;39mSound Card[0m.
[[0;32m  OK  [0m] Stopped target [0;1;39mTimers[0m.
[[0;32m  OK  [0m] Stopped [0;1;39mDaily apt upgrade and clean activities[0m.
[[0;32m  OK  [0m] Stopped [0;1;39mDaily apt download activities[0m.
[[0;32m  OK  [0m] Stopped [0;1;39mPeriodic ext4 Onli…ata Check for All Filesystems[0m.
[[0;32m  OK  [0m] Stopped [0;1;39mDiscard unused blocks once a week[0m.
[[0;32m  OK  [0m] Stopped [0;1;39mDaily rotation of log files[0m.
[[0;32m  OK  [0m] Stopped [0;1;39mDaily man-db regeneration[0m.
[[0;32m  OK  [0m] Stopped [0;1;39mMessage of the Day[0m.
[[0;32m  OK  [0m] Stopped [0;1;39mDaily Cleanup of Temporary Directories[0m.
[[0;32m  OK  [0m] Closed [0;1;39mLVM2 poll daemon socket[0m.
[[0;32m  OK  [0m] Closed [0;1;39mLoad/Save RF Kill Switch Status /dev/rfkill Watch[0m.
         Stopping [0;1;39mAccounts Service[0m...
         Stopping [0;1;39mAvailability of block devices[0m...
[[0;32m  OK  [0m] Stopped [0;1;39mExecute cloud user/final scripts[0m.
[[0;32m  OK  [0m] Stopped target [0;1;39mMulti-User System[0m.
[[0;32m  OK  [0m] Stopped target [0;1;39mLogin Prompts[0m.
         Stopping [0;1;39mModem Manager[0m...
         Stopping [0;1;39mLSB: automatic crash report generation[0m...
         Stopping [0;1;39mDeferred execution scheduler[0m...
[[0;32m  OK  [0m] Stopped [0;1;39mApply the settings specified in cloud-config[0m.
[[0;32m  OK  [0m] Stopped target [0;1;39mCloud-config availability[0m.
         Stopping [0;1;39mRegular background program processing daemon[0m...
         Stopping [0;1;39mDocker Application Container Engine[0m...
         Stopping [0;1;39mCreate final runt…dir for shutdown pivot root[0m...
         Stopping [0;1;39mFirmware update daemon[0m...
         Stopping [0;1;39mGetty on tty1[0m...
         Stopping [0;1;39mirqbalance daemon[0m...
         Stopping [0;1;39mJenkins Continuous Integration Server[0m...
         Stopping [0;1;39mDispatcher daemon for systemd-networkd[0m...
         Stopping [0;1;39mSystem Logging Service[0m...
         Stopping [0;1;39mSerial Getty on ttyS0[0m...
[[0;32m  OK  [0m] Stopped [0;1;39mWait until snapd is fully seeded[0m.
         Stopping [0;1;39mSnap Daemon[0m...
         Stopping [0;1;39mOpenBSD Secure Shell server[0m...
         Stopping [0;1;39mLoad/Save Random Seed[0m...
         Stopping [0;1;39mDisk Manager[0m...
         Stopping [0;1;39mDaemon for power management[0m...
         Stopping [0;1;39mVirtualbox guest utils[0m...
[[0;32m  OK  [0m] Stopped [0;1;39mRegular background program processing daemon[0m.
[[0;32m  OK  [0m] Stopped [0;1;39mSystem Logging Service[0m.
[[0;32m  OK  [0m] Stopped [0;1;39mirqbalance daemon[0m.
[[0;32m  OK  [0m] Stopped [0;1;39mDispatcher daemon for systemd-networkd[0m.
[[0;32m  OK  [0m] Stopped [0;1;39mDeferred execution scheduler[0m.
[[0;32m  OK  [0m] Stopped [0;1;39mSerial Getty on ttyS0[0m.
[[0;32m  OK  [0m] Stopped [0;1;39mGetty on tty1[0m.
[[0;32m  OK  [0m] Stopped [0;1;39mAccounts Service[0m.
[[0;32m  OK  [0m] Stopped [0;1;39mSnap Daemon[0m.
[[0;32m  OK  [0m] Stopped [0;1;39mDisk Manager[0m.
[[0;32m  OK  [0m] Stopped [0;1;39mModem Manager[0m.
[[0;32m  OK  [0m] Stopped [0;1;39mOpenBSD Secure Shell server[0m.
[[0;32m  OK  [0m] Stopped [0;1;39mDocker Application Container Engine[0m.
[[0;32m  OK  [0m] Stopped [0;1;39mRefresh fwupd metadata and update motd[0m.
[[0;32m  OK  [0m] Stopped [0;1;39mDaemon for power management[0m.
[[0;32m  OK  [0m] Stopped [0;1;39mLoad/Save Random Seed[0m.
[[0;32m  OK  [0m] Stopped [0;1;39mSession 5 of user vagrant[0m.
[[0;32m  OK  [0m] Removed slice [0;1;39msystem-getty.slice[0m.
[[0;32m  OK  [0m] Removed slice [0;1;39msystem-serial\x2dgetty.slice[0m.
[[0;32m  OK  [0m] Stopped [0;1;39mRefresh fwupd metadata regularly[0m.
[[0;32m  OK  [0m] Stopped target [0;1;39mLogin Prompts (Pre)[0m.
[[0;32m  OK  [0m] Stopped target [0;1;39mNetwork is Online[0m.
[[0;32m  OK  [0m] Stopped target [0;1;39mSystem Time Synchronized[0m.
[[0;32m  OK  [0m] Stopped target [0;1;39mSystem Time Set[0m.
         Stopping [0;1;39mcontainerd container runtime[0m...
         Stopping [0;1;39mAuthorization Manager[0m...
         Stopping [0;1;39mLogin Service[0m...
         Stopping [0;1;39mUser Manager for UID 1000[0m...
[[0;32m  OK  [0m] Stopped [0;1;39mcontainerd container runtime[0m.
[[0;32m  OK  [0m] Stopped [0;1;39mAvailability of block devices[0m.
[[0;32m  OK  [0m] Stopped [0;1;39mAuthorization Manager[0m.
[[0;32m  OK  [0m] Stopped [0;1;39mLSB: automatic crash report generation[0m.
[[0;32m  OK  [0m] Stopped [0;1;39mUser Manager for UID 1000[0m.
         Stopping [0;1;39mUser Runtime Directory /run/user/1000[0m...
[[0;32m  OK  [0m] Unmounted [0;1;39m/run/user/1000[0m.
[[0;32m  OK  [0m] Stopped [0;1;39mUser Runtime Directory /run/user/1000[0m.
[[0;32m  OK  [0m] Removed slice [0;1;39mUser Slice of UID 1000[0m.
         Stopping [0;1;39mPermit User Sessions[0m...
[[0;32m  OK  [0m] Stopped [0;1;39mPermit User Sessions[0m.
[[0;32m  OK  [0m] Stopped [0;1;39mLogin Service[0m.
[[0;32m  OK  [0m] Stopped target [0;1;39mUser and Group Name Lookups[0m.
[[0;32m  OK  [0m] Stopped [0;1;39mVirtualbox guest utils[0m.
[[0;32m  OK  [0m] Stopped [0;1;39mJenkins Continuous Integration Server[0m.
[[0;32m  OK  [0m] Stopped target [0;1;39mNetwork[0m.
         Stopping [0;1;39mNetwork Name Resolution[0m...
[[0;32m  OK  [0m] Stopped [0;1;39mNetwork Name Resolution[0m.
[[0;32m  OK  [0m] Stopped [0;1;39mFirmware update daemon[0m.
         Stopping [0;1;39mD-Bus System Message Bus[0m...
[[0;32m  OK  [0m] Stopped [0;1;39mD-Bus System Message Bus[0m.
[[0;32m  OK  [0m] Stopped target [0;1;39mBasic System[0m.
[[0;32m  OK  [0m] Stopped target [0;1;39mPaths[0m.
[[0;32m  OK  [0m] Stopped target [0;1;39mSlices[0m.
[[0;32m  OK  [0m] Removed slice [0;1;39mUser and Session Slice[0m.
[[0;32m  OK  [0m] Stopped target [0;1;39mSockets[0m.
[[0;32m  OK  [0m] Closed [0;1;39mcloud-init hotplug hook socket[0m.
[[0;32m  OK  [0m] Closed [0;1;39mD-Bus System Message Bus Socket[0m.
[[0;32m  OK  [0m] Closed [0;1;39mDocker Socket for the API[0m.
[[0;32m  OK  [0m] Closed [0;1;39mOpen-iSCSI iscsid Socket[0m.
[[0;32m  OK  [0m] Closed [0;1;39mSocket unix for snap application lxd.daemon[0m.
[[0;32m  OK  [0m] Closed [0;1;39mSocket activation for snappy daemon[0m.
[[0;32m  OK  [0m] Closed [0;1;39mSyslog Socket[0m.
[[0;32m  OK  [0m] Closed [0;1;39mUUID daemon activation socket[0m.
[[0;32m  OK  [0m] Stopped target [0;1;39mSystem Initialization[0m.
[[0;32m  OK  [0m] Stopped target [0;1;39mLocal Encrypted Volumes[0m.
[[0;32m  OK  [0m] Stopped [0;1;39mDispatch Password …ts to Console Directory Watch[0m.
[[0;32m  OK  [0m] Stopped [0;1;39mForward Password R…uests to Wall Directory Watch[0m.
[[0;32m  OK  [0m] Stopped [0;1;39mInitial cloud-init…ob (metadata service crawler)[0m.
[[0;32m  OK  [0m] Stopped [0;1;39mWait for Network to be Configured[0m.
         Stopping [0;1;39mNetwork Service[0m...
         Stopping [0;1;39mUpdate UTMP about System Boot/Shutdown[0m...
[[0;32m  OK  [0m] Stopped [0;1;39mUpdate UTMP about System Boot/Shutdown[0m.
[[0;32m  OK  [0m] Stopped [0;1;39mCreate Volatile Files and Directories[0m.
[[0;32m  OK  [0m] Stopped [0;1;39mNetwork Service[0m.
[[0;32m  OK  [0m] Stopped target [0;1;39mNetwork (Pre)[0m.
[[0;32m  OK  [0m] Stopped [0;1;39mInitial cloud-init job (pre-networking)[0m.
[[0;32m  OK  [0m] Stopped [0;1;39mApply Kernel Variables[0m.
[[0;32m  OK  [0m] Stopped [0;1;39mLoad Kernel Modules[0m.
[[0;32m  OK  [0m] Stopped [0;1;39mCreate final runtime dir for shutdown pivot root[0m.
[[0;32m  OK  [0m] Stopped target [0;1;39mLocal File Systems[0m.
[[0;32m  OK  [0m] Stopped target [0;1;39mMounted snaps[0m.
         Unmounting [0;1;39m/run/snapd/ns/lxd.mnt[0m...
         Unmounting [0;1;39mMount unit for core20, revision 1974[0m...
         Unmounting [0;1;39mMount unit for core20, revision 2015[0m...
         Unmounting [0;1;39mMount unit for lxd, revision 24061[0m...
         Unmounting [0;1;39mMount unit for snapd, revision 19457[0m...
         Unmounting [0;1;39mMount unit for snapd, revision 20092[0m...
[[0;32m  OK  [0m] Unmounted [0;1;39m/run/snapd/ns/lxd.mnt[0m.
         Unmounting [0;1;39m/run/snapd/ns[0m...
[[0;32m  OK  [0m] Unmounted [0;1;39mMount unit for snapd, revision 19457[0m.
[[0;32m  OK  [0m] Unmounted [0;1;39m/run/snapd/ns[0m.
[[0;32m  OK  [0m] Stopped target [0;1;39mSwap[0m.
[[0;32m  OK  [0m] Unmounted [0;1;39mMount unit for lxd, revision 24061[0m.
[[0;32m  OK  [0m] Unmounted [0;1;39mMount unit for core20, revision 1974[0m.
[[0;32m  OK  [0m] Unmounted [0;1;39mMount unit for core20, revision 2015[0m.
[[0;32m  OK  [0m] Unmounted [0;1;39mMount unit for snapd, revision 20092[0m.
[[0;32m  OK  [0m] Stopped target [0;1;39mLocal File Systems (Pre)[0m.
[[0;32m  OK  [0m] Stopped target [0;1;39mMounting snaps[0m.
[[0;32m  OK  [0m] Reached target [0;1;39mUnmount All Filesystems[0m.
         Stopping [0;1;39mMonitoring of LVM…meventd or progress polling[0m...
         Stopping [0;1;39mDevice-Mapper Multipath Device Controller[0m...
[[0;32m  OK  [0m] Stopped [0;1;39mCreate Static Device Nodes in /dev[0m.
[[0;32m  OK  [0m] Stopped [0;1;39mCreate System Users[0m.
[[0;32m  OK  [0m] Stopped [0;1;39mRemount Root and Kernel File Systems[0m.
[[0;32m  OK  [0m] Stopped [0;1;39mDevice-Mapper Multipath Device Controller[0m.
[[0;32m  OK  [0m] Stopped [0;1;39mMonitoring of LVM2… dmeventd or progress polling[0m.
[[0;32m  OK  [0m] Reached target [0;1;39mShutdown[0m.
[[0;32m  OK  [0m] Reached target [0;1;39mFinal Step[0m.
[[0;32m  OK  [0m] Finished [0;1;39mPower-Off[0m.
[[0;32m  OK  [0m] Reached target [0;1;39mPower-Off[0m.
[ 4579.912663] reboot: Power down
